2025-05-06 18:52:16,094:WARNING:
'cuml' is a soft dependency and not included in the pycaret installation. Please run: `pip install cuml` to install.
2025-05-06 18:52:16,094:WARNING:
'cuml' is a soft dependency and not included in the pycaret installation. Please run: `pip install cuml` to install.
2025-05-06 18:52:16,094:WARNING:
'cuml' is a soft dependency and not included in the pycaret installation. Please run: `pip install cuml` to install.
2025-05-06 18:52:16,094:WARNING:
'cuml' is a soft dependency and not included in the pycaret installation. Please run: `pip install cuml` to install.
2025-05-06 18:52:17,742:WARNING:F:\Users\pawel\miniconda3\envs\alike\Lib\site-packages\requests\__init__.py:86: RequestsDependencyWarning: Unable to find acceptable character detection dependency (chardet or charset_normalizer).
  warnings.warn(

2025-05-07 14:01:30,957:WARNING:
'cuml' is a soft dependency and not included in the pycaret installation. Please run: `pip install cuml` to install.
2025-05-07 14:01:30,957:WARNING:
'cuml' is a soft dependency and not included in the pycaret installation. Please run: `pip install cuml` to install.
2025-05-07 14:01:30,957:WARNING:
'cuml' is a soft dependency and not included in the pycaret installation. Please run: `pip install cuml` to install.
2025-05-07 14:01:30,957:WARNING:
'cuml' is a soft dependency and not included in the pycaret installation. Please run: `pip install cuml` to install.
2025-05-07 14:01:32,970:WARNING:F:\Users\pawel\miniconda3\envs\alike\Lib\site-packages\requests\__init__.py:86: RequestsDependencyWarning: Unable to find acceptable character detection dependency (chardet or charset_normalizer).
  warnings.warn(

2025-05-07 14:14:54,539:WARNING:
'cuml' is a soft dependency and not included in the pycaret installation. Please run: `pip install cuml` to install.
2025-05-07 14:14:54,540:WARNING:
'cuml' is a soft dependency and not included in the pycaret installation. Please run: `pip install cuml` to install.
2025-05-07 14:14:54,540:WARNING:
'cuml' is a soft dependency and not included in the pycaret installation. Please run: `pip install cuml` to install.
2025-05-07 14:14:54,540:WARNING:
'cuml' is a soft dependency and not included in the pycaret installation. Please run: `pip install cuml` to install.
2025-05-07 14:16:45,552:WARNING:
'cuml' is a soft dependency and not included in the pycaret installation. Please run: `pip install cuml` to install.
2025-05-07 14:16:45,552:WARNING:
'cuml' is a soft dependency and not included in the pycaret installation. Please run: `pip install cuml` to install.
2025-05-07 14:16:45,552:WARNING:
'cuml' is a soft dependency and not included in the pycaret installation. Please run: `pip install cuml` to install.
2025-05-07 14:16:45,553:WARNING:
'cuml' is a soft dependency and not included in the pycaret installation. Please run: `pip install cuml` to install.
2025-05-07 14:20:51,584:WARNING:
'cuml' is a soft dependency and not included in the pycaret installation. Please run: `pip install cuml` to install.
2025-05-07 14:20:51,584:WARNING:
'cuml' is a soft dependency and not included in the pycaret installation. Please run: `pip install cuml` to install.
2025-05-07 14:20:51,584:WARNING:
'cuml' is a soft dependency and not included in the pycaret installation. Please run: `pip install cuml` to install.
2025-05-07 14:20:51,584:WARNING:
'cuml' is a soft dependency and not included in the pycaret installation. Please run: `pip install cuml` to install.
2025-05-07 15:07:20,037:INFO:PyCaret ClusteringExperiment
2025-05-07 15:07:20,037:INFO:Logging name: cluster-default-name
2025-05-07 15:07:20,037:INFO:ML Usecase: MLUsecase.CLUSTERING
2025-05-07 15:07:20,037:INFO:version 3.3.2
2025-05-07 15:07:20,037:INFO:Initializing setup()
2025-05-07 15:07:20,038:INFO:self.USI: c532
2025-05-07 15:07:20,038:INFO:self._variable_keys: {'memory', 'data', 'logging_param', 'log_plots_param', 'html_param', 'seed', '_ml_usecase', 'idx', 'exp_id', 'X', 'gpu_param', 'exp_name_log', 'USI', '_available_plots', 'gpu_n_jobs_param', 'pipeline', 'n_jobs_param'}
2025-05-07 15:07:20,038:INFO:Checking environment
2025-05-07 15:07:20,038:INFO:python_version: 3.11.11
2025-05-07 15:07:20,038:INFO:python_build: ('main', 'Dec 11 2024 16:34:19')
2025-05-07 15:07:20,038:INFO:machine: AMD64
2025-05-07 15:07:20,038:INFO:platform: Windows-10-10.0.19045-SP0
2025-05-07 15:07:20,038:INFO:Memory: svmem(total=34291335168, available=27160805376, percent=20.8, used=7130529792, free=27160805376)
2025-05-07 15:07:20,038:INFO:Physical Core: 6
2025-05-07 15:07:20,038:INFO:Logical Core: 12
2025-05-07 15:07:20,038:INFO:Checking libraries
2025-05-07 15:07:20,038:INFO:System:
2025-05-07 15:07:20,038:INFO:    python: 3.11.11 | packaged by Anaconda, Inc. | (main, Dec 11 2024, 16:34:19) [MSC v.1929 64 bit (AMD64)]
2025-05-07 15:07:20,038:INFO:executable: F:\Users\pawel\miniconda3\envs\alike\python.exe
2025-05-07 15:07:20,038:INFO:   machine: Windows-10-10.0.19045-SP0
2025-05-07 15:07:20,038:INFO:PyCaret required dependencies:
2025-05-07 15:07:20,135:INFO:                 pip: 25.1
2025-05-07 15:07:20,135:INFO:          setuptools: 78.1.1
2025-05-07 15:07:20,135:INFO:             pycaret: 3.3.2
2025-05-07 15:07:20,135:INFO:             IPython: 8.36.0
2025-05-07 15:07:20,135:INFO:          ipywidgets: 8.1.5
2025-05-07 15:07:20,135:INFO:                tqdm: 4.67.1
2025-05-07 15:07:20,135:INFO:               numpy: 1.26.4
2025-05-07 15:07:20,135:INFO:              pandas: 2.1.4
2025-05-07 15:07:20,135:INFO:              jinja2: 3.1.6
2025-05-07 15:07:20,135:INFO:               scipy: 1.11.4
2025-05-07 15:07:20,135:INFO:              joblib: 1.2.0
2025-05-07 15:07:20,135:INFO:             sklearn: 1.4.2
2025-05-07 15:07:20,135:INFO:                pyod: 2.0.5
2025-05-07 15:07:20,135:INFO:            imblearn: 0.13.0
2025-05-07 15:07:20,135:INFO:   category_encoders: 2.6.3
2025-05-07 15:07:20,135:INFO:            lightgbm: 4.6.0
2025-05-07 15:07:20,135:INFO:               numba: 0.61.0
2025-05-07 15:07:20,135:INFO:            requests: 2.32.3
2025-05-07 15:07:20,135:INFO:          matplotlib: 3.7.2
2025-05-07 15:07:20,135:INFO:          scikitplot: 0.3.7
2025-05-07 15:07:20,135:INFO:         yellowbrick: 1.5
2025-05-07 15:07:20,135:INFO:              plotly: 5.24.1
2025-05-07 15:07:20,135:INFO:    plotly-resampler: Not installed
2025-05-07 15:07:20,135:INFO:             kaleido: 0.2.1
2025-05-07 15:07:20,136:INFO:           schemdraw: 0.15
2025-05-07 15:07:20,136:INFO:         statsmodels: 0.14.4
2025-05-07 15:07:20,136:INFO:              sktime: 0.26.0
2025-05-07 15:07:20,136:INFO:               tbats: 1.1.3
2025-05-07 15:07:20,136:INFO:            pmdarima: 2.0.4
2025-05-07 15:07:20,136:INFO:              psutil: 5.9.0
2025-05-07 15:07:20,136:INFO:          markupsafe: 3.0.2
2025-05-07 15:07:20,136:INFO:             pickle5: Not installed
2025-05-07 15:07:20,136:INFO:         cloudpickle: 3.0.0
2025-05-07 15:07:20,136:INFO:         deprecation: 2.1.0
2025-05-07 15:07:20,136:INFO:              xxhash: 3.5.0
2025-05-07 15:07:20,136:INFO:           wurlitzer: 3.1.1
2025-05-07 15:07:20,136:INFO:PyCaret optional dependencies:
2025-05-07 15:07:20,150:INFO:                shap: Not installed
2025-05-07 15:07:20,150:INFO:           interpret: Not installed
2025-05-07 15:07:20,150:INFO:                umap: Not installed
2025-05-07 15:07:20,150:INFO:     ydata_profiling: 0.0.dev0
2025-05-07 15:07:20,150:INFO:  explainerdashboard: Not installed
2025-05-07 15:07:20,150:INFO:             autoviz: Not installed
2025-05-07 15:07:20,150:INFO:           fairlearn: Not installed
2025-05-07 15:07:20,150:INFO:          deepchecks: Not installed
2025-05-07 15:07:20,150:INFO:             xgboost: Not installed
2025-05-07 15:07:20,150:INFO:            catboost: Not installed
2025-05-07 15:07:20,150:INFO:              kmodes: Not installed
2025-05-07 15:07:20,150:INFO:             mlxtend: Not installed
2025-05-07 15:07:20,150:INFO:       statsforecast: Not installed
2025-05-07 15:07:20,150:INFO:        tune_sklearn: Not installed
2025-05-07 15:07:20,150:INFO:                 ray: Not installed
2025-05-07 15:07:20,150:INFO:            hyperopt: Not installed
2025-05-07 15:07:20,151:INFO:              optuna: Not installed
2025-05-07 15:07:20,151:INFO:               skopt: Not installed
2025-05-07 15:07:20,151:INFO:              mlflow: Not installed
2025-05-07 15:07:20,151:INFO:              gradio: Not installed
2025-05-07 15:07:20,151:INFO:             fastapi: Not installed
2025-05-07 15:07:20,151:INFO:             uvicorn: Not installed
2025-05-07 15:07:20,151:INFO:              m2cgen: Not installed
2025-05-07 15:07:20,151:INFO:           evidently: Not installed
2025-05-07 15:07:20,151:INFO:               fugue: Not installed
2025-05-07 15:07:20,151:INFO:           streamlit: 1.45.0
2025-05-07 15:07:20,151:INFO:             prophet: Not installed
2025-05-07 15:07:20,151:INFO:None
2025-05-07 15:07:20,151:INFO:Set up data.
2025-05-07 15:07:20,155:INFO:Set up index.
2025-05-07 15:07:20,155:INFO:Assigning column types.
2025-05-07 15:07:20,156:INFO:Engine successfully changes for model 'kmeans' to 'sklearn'.
2025-05-07 15:07:20,156:INFO:Engine for model 'dbscan' has not been set explicitly, hence returning None.
2025-05-07 15:07:20,156:WARNING:
'kmodes' is a soft dependency and not included in the pycaret installation. Please run: `pip install kmodes` to install.
Alternately, you can install this by running `pip install pycaret[models]`
2025-05-07 15:07:20,156:INFO:Engine for model 'dbscan' has not been set explicitly, hence returning None.
2025-05-07 15:07:20,157:WARNING:
'kmodes' is a soft dependency and not included in the pycaret installation. Please run: `pip install kmodes` to install.
Alternately, you can install this by running `pip install pycaret[models]`
2025-05-07 15:07:20,157:INFO:Engine successfully changes for model 'dbscan' to 'sklearn'.
2025-05-07 15:07:20,157:WARNING:
'kmodes' is a soft dependency and not included in the pycaret installation. Please run: `pip install kmodes` to install.
Alternately, you can install this by running `pip install pycaret[models]`
2025-05-07 15:07:20,157:WARNING:
'kmodes' is a soft dependency and not included in the pycaret installation. Please run: `pip install kmodes` to install.
Alternately, you can install this by running `pip install pycaret[models]`
2025-05-07 15:07:20,160:INFO:Preparing preprocessing pipeline...
2025-05-07 15:07:20,160:INFO:Set up simple imputation.
2025-05-07 15:07:20,162:INFO:Set up encoding of ordinal features.
2025-05-07 15:07:20,162:INFO:Set up encoding of categorical features.
2025-05-07 15:07:20,227:INFO:Finished creating preprocessing pipeline.
2025-05-07 15:07:20,247:INFO:Pipeline: Pipeline(memory=FastMemory(location=C:\Users\pawel\AppData\Local\Temp\joblib),
         steps=[('numerical_imputer',
                 TransformerWrapper(include=[], transformer=SimpleImputer())),
                ('categorical_imputer',
                 TransformerWrapper(include=['age', 'edu_level', 'fav_animals',
                                             'fav_place', 'gender'],
                                    transformer=SimpleImputer(strategy='most_frequent'))),
                ('ordinal_encoding',
                 Trans...
                                    transformer=OrdinalEncoder(cols=['gender'],
                                                               handle_missing='return_nan',
                                                               mapping=[{'col': 'gender',
                                                                         'data_type': dtype('O'),
                                                                         'mapping': Kobieta      0
Mê¿czyzna    1
NaN         -1
dtype: int64}]))),
                ('onehot_encoding',
                 TransformerWrapper(include=['age', 'edu_level', 'fav_animals',
                                             'fav_place'],
                                    transformer=OneHotEncoder(cols=['age',
                                                                    'edu_level',
                                                                    'fav_animals',
                                                                    'fav_place'],
                                                              handle_missing='return_nan',
                                                              use_cat_names=True)))])
2025-05-07 15:07:20,247:INFO:Creating final display dataframe.
2025-05-07 15:07:20,293:INFO:Setup _display_container:                  Description                 Value
0                 Session id                   123
1        Original data shape              (229, 5)
2     Transformed data shape             (229, 21)
3       Categorical features                     5
4   Rows with missing values                 13.1%
5                 Preprocess                  True
6            Imputation type                simple
7         Numeric imputation                  mean
8     Categorical imputation                  mode
9   Maximum one-hot encoding                    -1
10           Encoding method                  None
11                  CPU Jobs                    -1
12                   Use GPU                 False
13            Log Experiment                 False
14           Experiment Name  cluster-default-name
15                       USI                  c532
2025-05-07 15:07:20,298:WARNING:
'kmodes' is a soft dependency and not included in the pycaret installation. Please run: `pip install kmodes` to install.
Alternately, you can install this by running `pip install pycaret[models]`
2025-05-07 15:07:20,298:WARNING:
'kmodes' is a soft dependency and not included in the pycaret installation. Please run: `pip install kmodes` to install.
Alternately, you can install this by running `pip install pycaret[models]`
2025-05-07 15:07:20,299:INFO:setup() successfully completed in 0.26s...............
2025-05-07 15:07:51,503:INFO:Initializing create_model()
2025-05-07 15:07:51,503:INFO:create_model(self=<pycaret.clustering.oop.ClusteringExperiment object at 0x000001B4036A27D0>, estimator=kmeans, num_clusters=8, fraction=0.05, ground_truth=None, round=4, fit_kwargs=None, experiment_custom_tags=None, verbose=True, system=True, add_to_model_list=True, raise_num_clusters=False, display=None, kwargs={})
2025-05-07 15:07:51,503:INFO:Checking exceptions
2025-05-07 15:07:51,570:INFO:Importing untrained model
2025-05-07 15:07:51,571:INFO:K-Means Clustering Imported successfully
2025-05-07 15:07:51,575:INFO:Fitting Model
2025-05-07 15:07:51,772:WARNING:F:\Users\pawel\miniconda3\envs\alike\Lib\site-packages\sklearn\cluster\_kmeans.py:1446: UserWarning: KMeans is known to have a memory leak on Windows with MKL, when there are less chunks than available threads. You can avoid it by setting the environment variable OMP_NUM_THREADS=1.
  warnings.warn(

2025-05-07 15:07:51,788:INFO:KMeans(random_state=123)
2025-05-07 15:07:51,788:INFO:create_models() successfully completed......................................
2025-05-07 15:07:51,791:INFO:Uploading results into container
2025-05-07 15:07:51,791:INFO:Uploading model into container now
2025-05-07 15:07:51,796:INFO:_master_model_container: 1
2025-05-07 15:07:51,797:INFO:_display_container: 2
2025-05-07 15:07:51,797:INFO:KMeans(random_state=123)
2025-05-07 15:07:51,797:INFO:create_model() successfully completed......................................
2025-05-07 15:08:04,904:INFO:Initializing assign_model()
2025-05-07 15:08:04,904:INFO:assign_model(self=<pycaret.clustering.oop.ClusteringExperiment object at 0x000001B4036A27D0>, model=KMeans(random_state=123), transformation=False, score=True, verbose=True)
2025-05-07 15:08:04,904:INFO:Checking exceptions
2025-05-07 15:08:04,904:INFO:Determining Trained Model
2025-05-07 15:08:04,904:INFO:Trained Model : K-Means Clustering
2025-05-07 15:08:04,904:INFO:Copying data
2025-05-07 15:08:04,906:INFO:(229, 6)
2025-05-07 15:08:04,906:INFO:assign_model() successfully completed......................................
2025-05-07 15:08:28,277:INFO:Initializing plot_model()
2025-05-07 15:08:28,277:INFO:plot_model(self=<pycaret.clustering.oop.ClusteringExperiment object at 0x000001B4036A27D0>, estimator=KMeans(random_state=123), plot=cluster, scale=1, save=False, fold=None, fit_kwargs=None, plot_kwargs=None, groups=None, feature_name=None, label=False, verbose=True, system=True, display=None, display_format=None)
2025-05-07 15:08:28,277:INFO:Checking exceptions
2025-05-07 15:08:28,279:INFO:Preloading libraries
2025-05-07 15:08:28,280:INFO:Copying training dataset
2025-05-07 15:08:28,280:INFO:Plot type: cluster
2025-05-07 15:08:28,280:INFO:SubProcess assign_model() called ==================================
2025-05-07 15:08:28,280:INFO:Initializing assign_model()
2025-05-07 15:08:28,280:INFO:assign_model(self=<pycaret.clustering.oop.ClusteringExperiment object at 0x000001B4036A27D0>, model=KMeans(random_state=123), transformation=True, score=True, verbose=False)
2025-05-07 15:08:28,280:INFO:Checking exceptions
2025-05-07 15:08:28,280:INFO:Determining Trained Model
2025-05-07 15:08:28,280:INFO:Trained Model : K-Means Clustering
2025-05-07 15:08:28,281:INFO:Copying data
2025-05-07 15:08:28,332:INFO:Transformation parameter set to True. Assigned clusters are attached on transformed dataset.
2025-05-07 15:08:28,332:INFO:(229, 22)
2025-05-07 15:08:28,332:INFO:assign_model() successfully completed......................................
2025-05-07 15:08:28,332:INFO:SubProcess assign_model() end ==================================
2025-05-07 15:08:28,333:INFO:Fitting PCA()
2025-05-07 15:08:28,371:INFO:Sorting dataframe
2025-05-07 15:08:28,372:INFO:Rendering Visual
2025-05-07 15:08:29,148:INFO:Visual Rendered Successfully
2025-05-07 15:08:29,261:INFO:plot_model() successfully completed......................................
2025-05-07 15:08:43,532:INFO:Initializing save_model()
2025-05-07 15:08:43,532:INFO:save_model(model=KMeans(random_state=123), model_name=welcome_survey_clustering_pipeline_v2, prep_pipe_=Pipeline(memory=FastMemory(location=C:\Users\pawel\AppData\Local\Temp\joblib),
         steps=[('numerical_imputer',
                 TransformerWrapper(include=[], transformer=SimpleImputer())),
                ('categorical_imputer',
                 TransformerWrapper(include=['age', 'edu_level', 'fav_animals',
                                             'fav_place', 'gender'],
                                    transformer=SimpleImputer(strategy='most_frequent'))),
                ('ordinal_encoding',
                 Trans...
                                    transformer=OrdinalEncoder(cols=['gender'],
                                                               handle_missing='return_nan',
                                                               mapping=[{'col': 'gender',
                                                                         'data_type': dtype('O'),
                                                                         'mapping': Kobieta      0
Mê¿czyzna    1
NaN         -1
dtype: int64}]))),
                ('onehot_encoding',
                 TransformerWrapper(include=['age', 'edu_level', 'fav_animals',
                                             'fav_place'],
                                    transformer=OneHotEncoder(cols=['age',
                                                                    'edu_level',
                                                                    'fav_animals',
                                                                    'fav_place'],
                                                              handle_missing='return_nan',
                                                              use_cat_names=True)))]), verbose=False, use_case=MLUsecase.CLUSTERING, kwargs={})
2025-05-07 15:08:43,532:INFO:Adding model into prep_pipe
2025-05-07 15:08:43,541:INFO:welcome_survey_clustering_pipeline_v2.pkl saved in current working directory
2025-05-07 15:08:43,561:INFO:Pipeline(memory=Memory(location=None),
         steps=[('numerical_imputer',
                 TransformerWrapper(include=[], transformer=SimpleImputer())),
                ('categorical_imputer',
                 TransformerWrapper(include=['age', 'edu_level', 'fav_animals',
                                             'fav_place', 'gender'],
                                    transformer=SimpleImputer(strategy='most_frequent'))),
                ('ordinal_encoding',
                 TransformerWrapper(include=['gender'],
                                    transfo...
                                                               mapping=[{'col': 'gender',
                                                                         'data_type': dtype('O'),
                                                                         'mapping': Kobieta      0
Mê¿czyzna    1
NaN         -1
dtype: int64}]))),
                ('onehot_encoding',
                 TransformerWrapper(include=['age', 'edu_level', 'fav_animals',
                                             'fav_place'],
                                    transformer=OneHotEncoder(cols=['age',
                                                                    'edu_level',
                                                                    'fav_animals',
                                                                    'fav_place'],
                                                              handle_missing='return_nan',
                                                              use_cat_names=True))),
                ('trained_model', KMeans(random_state=123))])
2025-05-07 15:08:43,561:INFO:save_model() successfully completed......................................
2025-05-07 15:08:54,147:INFO:Initializing load_model()
2025-05-07 15:08:54,149:INFO:load_model(model_name=welcome_survey_clustering_pipeline_v1, platform=None, authentication=None, verbose=True)
2025-05-07 15:09:02,996:INFO:Initializing load_model()
2025-05-07 15:09:02,996:INFO:load_model(model_name=welcome_survey_clustering_pipeline_v2, platform=None, authentication=None, verbose=True)
2025-05-07 15:09:18,106:INFO:Initializing predict_model()
2025-05-07 15:09:18,106:INFO:predict_model(self=<pycaret.clustering.oop.ClusteringExperiment object at 0x000001B4036A27D0>, estimator=Pipeline(memory=FastMemory(location=C:\Users\pawel\AppData\Local\Temp\joblib),
         steps=[('numerical_imputer',
                 TransformerWrapper(include=[], transformer=SimpleImputer())),
                ('categorical_imputer',
                 TransformerWrapper(include=['age', 'edu_level', 'fav_animals',
                                             'fav_place', 'gender'],
                                    transformer=SimpleImputer(strategy='most_frequent'))),
                ('ordinal_encoding',
                 Trans...
                                                               mapping=[{'col': 'gender',
                                                                         'data_type': dtype('O'),
                                                                         'mapping': Kobieta      0
Mê¿czyzna    1
NaN         -1
dtype: int64}]))),
                ('onehot_encoding',
                 TransformerWrapper(include=['age', 'edu_level', 'fav_animals',
                                             'fav_place'],
                                    transformer=OneHotEncoder(cols=['age',
                                                                    'edu_level',
                                                                    'fav_animals',
                                                                    'fav_place'],
                                                              handle_missing='return_nan',
                                                              use_cat_names=True))),
                ('trained_model', KMeans(random_state=123))]), ml_usecase=None)
2025-05-07 15:09:18,106:INFO:Set up data.
2025-05-07 15:22:10,029:WARNING:
'cuml' is a soft dependency and not included in the pycaret installation. Please run: `pip install cuml` to install.
2025-05-07 15:22:10,029:WARNING:
'cuml' is a soft dependency and not included in the pycaret installation. Please run: `pip install cuml` to install.
2025-05-07 15:22:10,029:WARNING:
'cuml' is a soft dependency and not included in the pycaret installation. Please run: `pip install cuml` to install.
2025-05-07 15:22:10,029:WARNING:
'cuml' is a soft dependency and not included in the pycaret installation. Please run: `pip install cuml` to install.
2025-05-07 15:22:11,814:WARNING:F:\Users\pawel\miniconda3\envs\alike\Lib\site-packages\requests\__init__.py:86: RequestsDependencyWarning: Unable to find acceptable character detection dependency (chardet or charset_normalizer).
  warnings.warn(

2025-05-07 16:24:22,528:INFO:Initializing load_model()
2025-05-07 16:24:22,528:INFO:load_model(model_name=welcome_survey_clustering_pipeline_v2, platform=None, authentication=None, verbose=True)
2025-05-07 16:25:32,411:INFO:Initializing predict_model()
2025-05-07 16:25:32,411:INFO:predict_model(self=<pycaret.clustering.oop.ClusteringExperiment object at 0x000002391DFC2050>, estimator=Pipeline(memory=Memory(location=None),
         steps=[('numerical_imputer',
                 TransformerWrapper(include=[], transformer=SimpleImputer())),
                ('categorical_imputer',
                 TransformerWrapper(include=['age', 'edu_level', 'fav_animals',
                                             'fav_place', 'gender'],
                                    transformer=SimpleImputer(strategy='most_frequent'))),
                ('ordinal_encoding',
                 TransformerWrapper(include=['gender'],
                                    transfo...
                                                               mapping=[{'col': 'gender',
                                                                         'data_type': dtype('O'),
                                                                         'mapping': Kobieta      0
Mê¿czyzna    1
NaN         -1
dtype: int64}]))),
                ('onehot_encoding',
                 TransformerWrapper(include=['age', 'edu_level', 'fav_animals',
                                             'fav_place'],
                                    transformer=OneHotEncoder(cols=['age',
                                                                    'edu_level',
                                                                    'fav_animals',
                                                                    'fav_place'],
                                                              handle_missing='return_nan',
                                                              use_cat_names=True))),
                ('trained_model', KMeans(random_state=123))]), ml_usecase=None)
2025-05-07 16:25:32,411:INFO:Set up data.
2025-05-07 16:25:53,054:INFO:Initializing predict_model()
2025-05-07 16:25:53,054:INFO:predict_model(self=<pycaret.clustering.oop.ClusteringExperiment object at 0x000002391B82E210>, estimator=Pipeline(memory=Memory(location=None),
         steps=[('numerical_imputer',
                 TransformerWrapper(include=[], transformer=SimpleImputer())),
                ('categorical_imputer',
                 TransformerWrapper(include=['age', 'edu_level', 'fav_animals',
                                             'fav_place', 'gender'],
                                    transformer=SimpleImputer(strategy='most_frequent'))),
                ('ordinal_encoding',
                 TransformerWrapper(include=['gender'],
                                    transfo...
                                                               mapping=[{'col': 'gender',
                                                                         'data_type': dtype('O'),
                                                                         'mapping': Kobieta      0
Mê¿czyzna    1
NaN         -1
dtype: int64}]))),
                ('onehot_encoding',
                 TransformerWrapper(include=['age', 'edu_level', 'fav_animals',
                                             'fav_place'],
                                    transformer=OneHotEncoder(cols=['age',
                                                                    'edu_level',
                                                                    'fav_animals',
                                                                    'fav_place'],
                                                              handle_missing='return_nan',
                                                              use_cat_names=True))),
                ('trained_model', KMeans(random_state=123))]), ml_usecase=None)
2025-05-07 16:25:53,054:INFO:Set up data.
2025-05-07 16:27:13,507:INFO:Initializing predict_model()
2025-05-07 16:27:13,507:INFO:predict_model(self=<pycaret.clustering.oop.ClusteringExperiment object at 0x000002391CF0C4D0>, estimator=Pipeline(memory=Memory(location=None),
         steps=[('numerical_imputer',
                 TransformerWrapper(include=[], transformer=SimpleImputer())),
                ('categorical_imputer',
                 TransformerWrapper(include=['age', 'edu_level', 'fav_animals',
                                             'fav_place', 'gender'],
                                    transformer=SimpleImputer(strategy='most_frequent'))),
                ('ordinal_encoding',
                 TransformerWrapper(include=['gender'],
                                    transfo...
                                                               mapping=[{'col': 'gender',
                                                                         'data_type': dtype('O'),
                                                                         'mapping': Kobieta      0
Mê¿czyzna    1
NaN         -1
dtype: int64}]))),
                ('onehot_encoding',
                 TransformerWrapper(include=['age', 'edu_level', 'fav_animals',
                                             'fav_place'],
                                    transformer=OneHotEncoder(cols=['age',
                                                                    'edu_level',
                                                                    'fav_animals',
                                                                    'fav_place'],
                                                              handle_missing='return_nan',
                                                              use_cat_names=True))),
                ('trained_model', KMeans(random_state=123))]), ml_usecase=None)
2025-05-07 16:27:13,507:INFO:Set up data.
2025-05-07 16:27:22,291:INFO:Initializing predict_model()
2025-05-07 16:27:22,291:INFO:predict_model(self=<pycaret.clustering.oop.ClusteringExperiment object at 0x000002391D4AF250>, estimator=Pipeline(memory=Memory(location=None),
         steps=[('numerical_imputer',
                 TransformerWrapper(include=[], transformer=SimpleImputer())),
                ('categorical_imputer',
                 TransformerWrapper(include=['age', 'edu_level', 'fav_animals',
                                             'fav_place', 'gender'],
                                    transformer=SimpleImputer(strategy='most_frequent'))),
                ('ordinal_encoding',
                 TransformerWrapper(include=['gender'],
                                    transfo...
                                                               mapping=[{'col': 'gender',
                                                                         'data_type': dtype('O'),
                                                                         'mapping': Kobieta      0
Mê¿czyzna    1
NaN         -1
dtype: int64}]))),
                ('onehot_encoding',
                 TransformerWrapper(include=['age', 'edu_level', 'fav_animals',
                                             'fav_place'],
                                    transformer=OneHotEncoder(cols=['age',
                                                                    'edu_level',
                                                                    'fav_animals',
                                                                    'fav_place'],
                                                              handle_missing='return_nan',
                                                              use_cat_names=True))),
                ('trained_model', KMeans(random_state=123))]), ml_usecase=None)
2025-05-07 16:27:22,291:INFO:Set up data.
2025-05-07 16:27:33,570:INFO:Initializing predict_model()
2025-05-07 16:27:33,570:INFO:predict_model(self=<pycaret.clustering.oop.ClusteringExperiment object at 0x000002391BC1FC90>, estimator=Pipeline(memory=Memory(location=None),
         steps=[('numerical_imputer',
                 TransformerWrapper(include=[], transformer=SimpleImputer())),
                ('categorical_imputer',
                 TransformerWrapper(include=['age', 'edu_level', 'fav_animals',
                                             'fav_place', 'gender'],
                                    transformer=SimpleImputer(strategy='most_frequent'))),
                ('ordinal_encoding',
                 TransformerWrapper(include=['gender'],
                                    transfo...
                                                               mapping=[{'col': 'gender',
                                                                         'data_type': dtype('O'),
                                                                         'mapping': Kobieta      0
Mê¿czyzna    1
NaN         -1
dtype: int64}]))),
                ('onehot_encoding',
                 TransformerWrapper(include=['age', 'edu_level', 'fav_animals',
                                             'fav_place'],
                                    transformer=OneHotEncoder(cols=['age',
                                                                    'edu_level',
                                                                    'fav_animals',
                                                                    'fav_place'],
                                                              handle_missing='return_nan',
                                                              use_cat_names=True))),
                ('trained_model', KMeans(random_state=123))]), ml_usecase=None)
2025-05-07 16:27:33,570:INFO:Set up data.
2025-05-07 16:27:39,764:INFO:Initializing predict_model()
2025-05-07 16:27:39,764:INFO:predict_model(self=<pycaret.clustering.oop.ClusteringExperiment object at 0x000002391BA83210>, estimator=Pipeline(memory=Memory(location=None),
         steps=[('numerical_imputer',
                 TransformerWrapper(include=[], transformer=SimpleImputer())),
                ('categorical_imputer',
                 TransformerWrapper(include=['age', 'edu_level', 'fav_animals',
                                             'fav_place', 'gender'],
                                    transformer=SimpleImputer(strategy='most_frequent'))),
                ('ordinal_encoding',
                 TransformerWrapper(include=['gender'],
                                    transfo...
                                                               mapping=[{'col': 'gender',
                                                                         'data_type': dtype('O'),
                                                                         'mapping': Kobieta      0
Mê¿czyzna    1
NaN         -1
dtype: int64}]))),
                ('onehot_encoding',
                 TransformerWrapper(include=['age', 'edu_level', 'fav_animals',
                                             'fav_place'],
                                    transformer=OneHotEncoder(cols=['age',
                                                                    'edu_level',
                                                                    'fav_animals',
                                                                    'fav_place'],
                                                              handle_missing='return_nan',
                                                              use_cat_names=True))),
                ('trained_model', KMeans(random_state=123))]), ml_usecase=None)
2025-05-07 16:27:39,764:INFO:Set up data.
2025-05-07 16:27:46,758:INFO:Initializing predict_model()
2025-05-07 16:27:46,758:INFO:predict_model(self=<pycaret.clustering.oop.ClusteringExperiment object at 0x000002391D2D7250>, estimator=Pipeline(memory=Memory(location=None),
         steps=[('numerical_imputer',
                 TransformerWrapper(include=[], transformer=SimpleImputer())),
                ('categorical_imputer',
                 TransformerWrapper(include=['age', 'edu_level', 'fav_animals',
                                             'fav_place', 'gender'],
                                    transformer=SimpleImputer(strategy='most_frequent'))),
                ('ordinal_encoding',
                 TransformerWrapper(include=['gender'],
                                    transfo...
                                                               mapping=[{'col': 'gender',
                                                                         'data_type': dtype('O'),
                                                                         'mapping': Kobieta      0
Mê¿czyzna    1
NaN         -1
dtype: int64}]))),
                ('onehot_encoding',
                 TransformerWrapper(include=['age', 'edu_level', 'fav_animals',
                                             'fav_place'],
                                    transformer=OneHotEncoder(cols=['age',
                                                                    'edu_level',
                                                                    'fav_animals',
                                                                    'fav_place'],
                                                              handle_missing='return_nan',
                                                              use_cat_names=True))),
                ('trained_model', KMeans(random_state=123))]), ml_usecase=None)
2025-05-07 16:27:46,758:INFO:Set up data.
2025-05-07 16:27:56,338:INFO:Initializing predict_model()
2025-05-07 16:27:56,339:INFO:predict_model(self=<pycaret.clustering.oop.ClusteringExperiment object at 0x000002391BC1EE10>, estimator=Pipeline(memory=Memory(location=None),
         steps=[('numerical_imputer',
                 TransformerWrapper(include=[], transformer=SimpleImputer())),
                ('categorical_imputer',
                 TransformerWrapper(include=['age', 'edu_level', 'fav_animals',
                                             'fav_place', 'gender'],
                                    transformer=SimpleImputer(strategy='most_frequent'))),
                ('ordinal_encoding',
                 TransformerWrapper(include=['gender'],
                                    transfo...
                                                               mapping=[{'col': 'gender',
                                                                         'data_type': dtype('O'),
                                                                         'mapping': Kobieta      0
Mê¿czyzna    1
NaN         -1
dtype: int64}]))),
                ('onehot_encoding',
                 TransformerWrapper(include=['age', 'edu_level', 'fav_animals',
                                             'fav_place'],
                                    transformer=OneHotEncoder(cols=['age',
                                                                    'edu_level',
                                                                    'fav_animals',
                                                                    'fav_place'],
                                                              handle_missing='return_nan',
                                                              use_cat_names=True))),
                ('trained_model', KMeans(random_state=123))]), ml_usecase=None)
2025-05-07 16:27:56,339:INFO:Set up data.
2025-05-07 16:29:01,774:INFO:Initializing predict_model()
2025-05-07 16:29:01,774:INFO:predict_model(self=<pycaret.clustering.oop.ClusteringExperiment object at 0x000002391BDD7290>, estimator=Pipeline(memory=Memory(location=None),
         steps=[('numerical_imputer',
                 TransformerWrapper(include=[], transformer=SimpleImputer())),
                ('categorical_imputer',
                 TransformerWrapper(include=['age', 'edu_level', 'fav_animals',
                                             'fav_place', 'gender'],
                                    transformer=SimpleImputer(strategy='most_frequent'))),
                ('ordinal_encoding',
                 TransformerWrapper(include=['gender'],
                                    transfo...
                                                               mapping=[{'col': 'gender',
                                                                         'data_type': dtype('O'),
                                                                         'mapping': Kobieta      0
Mê¿czyzna    1
NaN         -1
dtype: int64}]))),
                ('onehot_encoding',
                 TransformerWrapper(include=['age', 'edu_level', 'fav_animals',
                                             'fav_place'],
                                    transformer=OneHotEncoder(cols=['age',
                                                                    'edu_level',
                                                                    'fav_animals',
                                                                    'fav_place'],
                                                              handle_missing='return_nan',
                                                              use_cat_names=True))),
                ('trained_model', KMeans(random_state=123))]), ml_usecase=None)
2025-05-07 16:29:01,774:INFO:Set up data.
2025-05-07 16:29:49,544:INFO:Initializing predict_model()
2025-05-07 16:29:49,545:INFO:predict_model(self=<pycaret.clustering.oop.ClusteringExperiment object at 0x000002391B7D5E50>, estimator=Pipeline(memory=Memory(location=None),
         steps=[('numerical_imputer',
                 TransformerWrapper(include=[], transformer=SimpleImputer())),
                ('categorical_imputer',
                 TransformerWrapper(include=['age', 'edu_level', 'fav_animals',
                                             'fav_place', 'gender'],
                                    transformer=SimpleImputer(strategy='most_frequent'))),
                ('ordinal_encoding',
                 TransformerWrapper(include=['gender'],
                                    transfo...
                                                               mapping=[{'col': 'gender',
                                                                         'data_type': dtype('O'),
                                                                         'mapping': Kobieta      0
Mê¿czyzna    1
NaN         -1
dtype: int64}]))),
                ('onehot_encoding',
                 TransformerWrapper(include=['age', 'edu_level', 'fav_animals',
                                             'fav_place'],
                                    transformer=OneHotEncoder(cols=['age',
                                                                    'edu_level',
                                                                    'fav_animals',
                                                                    'fav_place'],
                                                              handle_missing='return_nan',
                                                              use_cat_names=True))),
                ('trained_model', KMeans(random_state=123))]), ml_usecase=None)
2025-05-07 16:29:49,545:INFO:Set up data.
2025-05-07 16:29:53,890:INFO:Initializing predict_model()
2025-05-07 16:29:53,890:INFO:predict_model(self=<pycaret.clustering.oop.ClusteringExperiment object at 0x000002391B7D5050>, estimator=Pipeline(memory=Memory(location=None),
         steps=[('numerical_imputer',
                 TransformerWrapper(include=[], transformer=SimpleImputer())),
                ('categorical_imputer',
                 TransformerWrapper(include=['age', 'edu_level', 'fav_animals',
                                             'fav_place', 'gender'],
                                    transformer=SimpleImputer(strategy='most_frequent'))),
                ('ordinal_encoding',
                 TransformerWrapper(include=['gender'],
                                    transfo...
                                                               mapping=[{'col': 'gender',
                                                                         'data_type': dtype('O'),
                                                                         'mapping': Kobieta      0
Mê¿czyzna    1
NaN         -1
dtype: int64}]))),
                ('onehot_encoding',
                 TransformerWrapper(include=['age', 'edu_level', 'fav_animals',
                                             'fav_place'],
                                    transformer=OneHotEncoder(cols=['age',
                                                                    'edu_level',
                                                                    'fav_animals',
                                                                    'fav_place'],
                                                              handle_missing='return_nan',
                                                              use_cat_names=True))),
                ('trained_model', KMeans(random_state=123))]), ml_usecase=None)
2025-05-07 16:29:53,890:INFO:Set up data.
2025-05-07 16:31:35,406:INFO:Initializing predict_model()
2025-05-07 16:31:35,406:INFO:predict_model(self=<pycaret.clustering.oop.ClusteringExperiment object at 0x0000023919598450>, estimator=Pipeline(memory=Memory(location=None),
         steps=[('numerical_imputer',
                 TransformerWrapper(include=[], transformer=SimpleImputer())),
                ('categorical_imputer',
                 TransformerWrapper(include=['age', 'edu_level', 'fav_animals',
                                             'fav_place', 'gender'],
                                    transformer=SimpleImputer(strategy='most_frequent'))),
                ('ordinal_encoding',
                 TransformerWrapper(include=['gender'],
                                    transfo...
                                                               mapping=[{'col': 'gender',
                                                                         'data_type': dtype('O'),
                                                                         'mapping': Kobieta      0
Mê¿czyzna    1
NaN         -1
dtype: int64}]))),
                ('onehot_encoding',
                 TransformerWrapper(include=['age', 'edu_level', 'fav_animals',
                                             'fav_place'],
                                    transformer=OneHotEncoder(cols=['age',
                                                                    'edu_level',
                                                                    'fav_animals',
                                                                    'fav_place'],
                                                              handle_missing='return_nan',
                                                              use_cat_names=True))),
                ('trained_model', KMeans(random_state=123))]), ml_usecase=None)
2025-05-07 16:31:35,407:INFO:Set up data.
2025-05-08 12:51:29,064:WARNING:
'cuml' is a soft dependency and not included in the pycaret installation. Please run: `pip install cuml` to install.
2025-05-08 12:51:29,064:WARNING:
'cuml' is a soft dependency and not included in the pycaret installation. Please run: `pip install cuml` to install.
2025-05-08 12:51:29,064:WARNING:
'cuml' is a soft dependency and not included in the pycaret installation. Please run: `pip install cuml` to install.
2025-05-08 12:51:29,064:WARNING:
'cuml' is a soft dependency and not included in the pycaret installation. Please run: `pip install cuml` to install.
2025-05-08 12:54:04,324:INFO:Initializing load_model()
2025-05-08 12:54:04,324:INFO:load_model(model_name=welcome_survey_clustering_pipeline_v2, platform=None, authentication=None, verbose=True)
2025-05-08 12:54:08,940:INFO:Initializing predict_model()
2025-05-08 12:54:08,940:INFO:predict_model(self=<pycaret.clustering.oop.ClusteringExperiment object at 0x0000017793084650>, estimator=Pipeline(memory=Memory(location=None),
         steps=[('numerical_imputer',
                 TransformerWrapper(include=[], transformer=SimpleImputer())),
                ('categorical_imputer',
                 TransformerWrapper(include=['age', 'edu_level', 'fav_animals',
                                             'fav_place', 'gender'],
                                    transformer=SimpleImputer(strategy='most_frequent'))),
                ('ordinal_encoding',
                 TransformerWrapper(include=['gender'],
                                    transfo...
                                                               mapping=[{'col': 'gender',
                                                                         'data_type': dtype('O'),
                                                                         'mapping': Kobieta      0
Mê¿czyzna    1
NaN         -1
dtype: int64}]))),
                ('onehot_encoding',
                 TransformerWrapper(include=['age', 'edu_level', 'fav_animals',
                                             'fav_place'],
                                    transformer=OneHotEncoder(cols=['age',
                                                                    'edu_level',
                                                                    'fav_animals',
                                                                    'fav_place'],
                                                              handle_missing='return_nan',
                                                              use_cat_names=True))),
                ('trained_model', KMeans(random_state=123))]), ml_usecase=None)
2025-05-08 12:54:08,940:INFO:Set up data.
2025-05-08 14:37:06,263:INFO:Initializing load_model()
2025-05-08 14:37:06,263:INFO:load_model(model_name=welcome_survey_clustering_pipeline_v2, platform=None, authentication=None, verbose=True)
2025-05-08 14:37:07,962:INFO:Initializing predict_model()
2025-05-08 14:37:07,963:INFO:predict_model(self=<pycaret.clustering.oop.ClusteringExperiment object at 0x00000177B479C450>, estimator=Pipeline(memory=Memory(location=None),
         steps=[('numerical_imputer',
                 TransformerWrapper(include=[], transformer=SimpleImputer())),
                ('categorical_imputer',
                 TransformerWrapper(include=['age', 'edu_level', 'fav_animals',
                                             'fav_place', 'gender'],
                                    transformer=SimpleImputer(strategy='most_frequent'))),
                ('ordinal_encoding',
                 TransformerWrapper(include=['gender'],
                                    transfo...
                                                               mapping=[{'col': 'gender',
                                                                         'data_type': dtype('O'),
                                                                         'mapping': Kobieta      0
Mê¿czyzna    1
NaN         -1
dtype: int64}]))),
                ('onehot_encoding',
                 TransformerWrapper(include=['age', 'edu_level', 'fav_animals',
                                             'fav_place'],
                                    transformer=OneHotEncoder(cols=['age',
                                                                    'edu_level',
                                                                    'fav_animals',
                                                                    'fav_place'],
                                                              handle_missing='return_nan',
                                                              use_cat_names=True))),
                ('trained_model', KMeans(random_state=123))]), ml_usecase=None)
2025-05-08 14:37:07,963:INFO:Set up data.
2025-05-08 14:42:13,485:INFO:Initializing load_model()
2025-05-08 14:42:13,486:INFO:load_model(model_name=welcome_survey_clustering_pipeline_v2, platform=None, authentication=None, verbose=True)
2025-05-08 14:42:14,959:INFO:Initializing predict_model()
2025-05-08 14:42:14,960:INFO:predict_model(self=<pycaret.clustering.oop.ClusteringExperiment object at 0x00000177B4D7F310>, estimator=Pipeline(memory=Memory(location=None),
         steps=[('numerical_imputer',
                 TransformerWrapper(include=[], transformer=SimpleImputer())),
                ('categorical_imputer',
                 TransformerWrapper(include=['age', 'edu_level', 'fav_animals',
                                             'fav_place', 'gender'],
                                    transformer=SimpleImputer(strategy='most_frequent'))),
                ('ordinal_encoding',
                 TransformerWrapper(include=['gender'],
                                    transfo...
                                                               mapping=[{'col': 'gender',
                                                                         'data_type': dtype('O'),
                                                                         'mapping': Kobieta      0
Mê¿czyzna    1
NaN         -1
dtype: int64}]))),
                ('onehot_encoding',
                 TransformerWrapper(include=['age', 'edu_level', 'fav_animals',
                                             'fav_place'],
                                    transformer=OneHotEncoder(cols=['age',
                                                                    'edu_level',
                                                                    'fav_animals',
                                                                    'fav_place'],
                                                              handle_missing='return_nan',
                                                              use_cat_names=True))),
                ('trained_model', KMeans(random_state=123))]), ml_usecase=None)
2025-05-08 14:42:14,960:INFO:Set up data.
2025-05-08 14:53:22,403:INFO:Initializing load_model()
2025-05-08 14:53:22,403:INFO:load_model(model_name=welcome_survey_clustering_pipeline_v2, platform=None, authentication=None, verbose=True)
2025-05-08 14:53:22,439:INFO:Initializing predict_model()
2025-05-08 14:53:22,439:INFO:predict_model(self=<pycaret.clustering.oop.ClusteringExperiment object at 0x000002391DD02150>, estimator=Pipeline(memory=Memory(location=None),
         steps=[('numerical_imputer',
                 TransformerWrapper(include=[], transformer=SimpleImputer())),
                ('categorical_imputer',
                 TransformerWrapper(include=['age', 'edu_level', 'fav_animals',
                                             'fav_place', 'gender'],
                                    transformer=SimpleImputer(strategy='most_frequent'))),
                ('ordinal_encoding',
                 TransformerWrapper(include=['gender'],
                                    transfo...
                                                               mapping=[{'col': 'gender',
                                                                         'data_type': dtype('O'),
                                                                         'mapping': Kobieta      0
Mê¿czyzna    1
NaN         -1
dtype: int64}]))),
                ('onehot_encoding',
                 TransformerWrapper(include=['age', 'edu_level', 'fav_animals',
                                             'fav_place'],
                                    transformer=OneHotEncoder(cols=['age',
                                                                    'edu_level',
                                                                    'fav_animals',
                                                                    'fav_place'],
                                                              handle_missing='return_nan',
                                                              use_cat_names=True))),
                ('trained_model', KMeans(random_state=123))]), ml_usecase=None)
2025-05-08 14:53:22,439:INFO:Set up data.
2025-05-08 14:53:28,856:INFO:Initializing predict_model()
2025-05-08 14:53:28,856:INFO:predict_model(self=<pycaret.clustering.oop.ClusteringExperiment object at 0x000002391D267290>, estimator=Pipeline(memory=Memory(location=None),
         steps=[('numerical_imputer',
                 TransformerWrapper(include=[], transformer=SimpleImputer())),
                ('categorical_imputer',
                 TransformerWrapper(include=['age', 'edu_level', 'fav_animals',
                                             'fav_place', 'gender'],
                                    transformer=SimpleImputer(strategy='most_frequent'))),
                ('ordinal_encoding',
                 TransformerWrapper(include=['gender'],
                                    transfo...
                                                               mapping=[{'col': 'gender',
                                                                         'data_type': dtype('O'),
                                                                         'mapping': Kobieta      0
Mê¿czyzna    1
NaN         -1
dtype: int64}]))),
                ('onehot_encoding',
                 TransformerWrapper(include=['age', 'edu_level', 'fav_animals',
                                             'fav_place'],
                                    transformer=OneHotEncoder(cols=['age',
                                                                    'edu_level',
                                                                    'fav_animals',
                                                                    'fav_place'],
                                                              handle_missing='return_nan',
                                                              use_cat_names=True))),
                ('trained_model', KMeans(random_state=123))]), ml_usecase=None)
2025-05-08 14:53:28,856:INFO:Set up data.
2025-05-08 14:58:58,389:INFO:Initializing predict_model()
2025-05-08 14:58:58,389:INFO:predict_model(self=<pycaret.clustering.oop.ClusteringExperiment object at 0x000002392013C890>, estimator=Pipeline(memory=Memory(location=None),
         steps=[('numerical_imputer',
                 TransformerWrapper(include=[], transformer=SimpleImputer())),
                ('categorical_imputer',
                 TransformerWrapper(include=['age', 'edu_level', 'fav_animals',
                                             'fav_place', 'gender'],
                                    transformer=SimpleImputer(strategy='most_frequent'))),
                ('ordinal_encoding',
                 TransformerWrapper(include=['gender'],
                                    transfo...
                                                               mapping=[{'col': 'gender',
                                                                         'data_type': dtype('O'),
                                                                         'mapping': Kobieta      0
Mê¿czyzna    1
NaN         -1
dtype: int64}]))),
                ('onehot_encoding',
                 TransformerWrapper(include=['age', 'edu_level', 'fav_animals',
                                             'fav_place'],
                                    transformer=OneHotEncoder(cols=['age',
                                                                    'edu_level',
                                                                    'fav_animals',
                                                                    'fav_place'],
                                                              handle_missing='return_nan',
                                                              use_cat_names=True))),
                ('trained_model', KMeans(random_state=123))]), ml_usecase=None)
2025-05-08 14:58:58,389:INFO:Set up data.
2025-05-08 14:59:19,239:INFO:Initializing predict_model()
2025-05-08 14:59:19,239:INFO:predict_model(self=<pycaret.clustering.oop.ClusteringExperiment object at 0x000002391CFEC210>, estimator=Pipeline(memory=Memory(location=None),
         steps=[('numerical_imputer',
                 TransformerWrapper(include=[], transformer=SimpleImputer())),
                ('categorical_imputer',
                 TransformerWrapper(include=['age', 'edu_level', 'fav_animals',
                                             'fav_place', 'gender'],
                                    transformer=SimpleImputer(strategy='most_frequent'))),
                ('ordinal_encoding',
                 TransformerWrapper(include=['gender'],
                                    transfo...
                                                               mapping=[{'col': 'gender',
                                                                         'data_type': dtype('O'),
                                                                         'mapping': Kobieta      0
Mê¿czyzna    1
NaN         -1
dtype: int64}]))),
                ('onehot_encoding',
                 TransformerWrapper(include=['age', 'edu_level', 'fav_animals',
                                             'fav_place'],
                                    transformer=OneHotEncoder(cols=['age',
                                                                    'edu_level',
                                                                    'fav_animals',
                                                                    'fav_place'],
                                                              handle_missing='return_nan',
                                                              use_cat_names=True))),
                ('trained_model', KMeans(random_state=123))]), ml_usecase=None)
2025-05-08 14:59:19,239:INFO:Set up data.
2025-05-08 14:59:30,342:INFO:Initializing predict_model()
2025-05-08 14:59:30,342:INFO:predict_model(self=<pycaret.clustering.oop.ClusteringExperiment object at 0x0000023973A44E10>, estimator=Pipeline(memory=Memory(location=None),
         steps=[('numerical_imputer',
                 TransformerWrapper(include=[], transformer=SimpleImputer())),
                ('categorical_imputer',
                 TransformerWrapper(include=['age', 'edu_level', 'fav_animals',
                                             'fav_place', 'gender'],
                                    transformer=SimpleImputer(strategy='most_frequent'))),
                ('ordinal_encoding',
                 TransformerWrapper(include=['gender'],
                                    transfo...
                                                               mapping=[{'col': 'gender',
                                                                         'data_type': dtype('O'),
                                                                         'mapping': Kobieta      0
Mê¿czyzna    1
NaN         -1
dtype: int64}]))),
                ('onehot_encoding',
                 TransformerWrapper(include=['age', 'edu_level', 'fav_animals',
                                             'fav_place'],
                                    transformer=OneHotEncoder(cols=['age',
                                                                    'edu_level',
                                                                    'fav_animals',
                                                                    'fav_place'],
                                                              handle_missing='return_nan',
                                                              use_cat_names=True))),
                ('trained_model', KMeans(random_state=123))]), ml_usecase=None)
2025-05-08 14:59:30,342:INFO:Set up data.
2025-05-08 15:01:12,611:INFO:Initializing predict_model()
2025-05-08 15:01:12,611:INFO:predict_model(self=<pycaret.clustering.oop.ClusteringExperiment object at 0x000002391D0B5510>, estimator=Pipeline(memory=Memory(location=None),
         steps=[('numerical_imputer',
                 TransformerWrapper(include=[], transformer=SimpleImputer())),
                ('categorical_imputer',
                 TransformerWrapper(include=['age', 'edu_level', 'fav_animals',
                                             'fav_place', 'gender'],
                                    transformer=SimpleImputer(strategy='most_frequent'))),
                ('ordinal_encoding',
                 TransformerWrapper(include=['gender'],
                                    transfo...
                                                               mapping=[{'col': 'gender',
                                                                         'data_type': dtype('O'),
                                                                         'mapping': Kobieta      0
Mê¿czyzna    1
NaN         -1
dtype: int64}]))),
                ('onehot_encoding',
                 TransformerWrapper(include=['age', 'edu_level', 'fav_animals',
                                             'fav_place'],
                                    transformer=OneHotEncoder(cols=['age',
                                                                    'edu_level',
                                                                    'fav_animals',
                                                                    'fav_place'],
                                                              handle_missing='return_nan',
                                                              use_cat_names=True))),
                ('trained_model', KMeans(random_state=123))]), ml_usecase=None)
2025-05-08 15:01:12,611:INFO:Set up data.
2025-05-08 15:01:31,532:INFO:Initializing predict_model()
2025-05-08 15:01:31,532:INFO:predict_model(self=<pycaret.clustering.oop.ClusteringExperiment object at 0x000002391BC2A0D0>, estimator=Pipeline(memory=Memory(location=None),
         steps=[('numerical_imputer',
                 TransformerWrapper(include=[], transformer=SimpleImputer())),
                ('categorical_imputer',
                 TransformerWrapper(include=['age', 'edu_level', 'fav_animals',
                                             'fav_place', 'gender'],
                                    transformer=SimpleImputer(strategy='most_frequent'))),
                ('ordinal_encoding',
                 TransformerWrapper(include=['gender'],
                                    transfo...
                                                               mapping=[{'col': 'gender',
                                                                         'data_type': dtype('O'),
                                                                         'mapping': Kobieta      0
Mê¿czyzna    1
NaN         -1
dtype: int64}]))),
                ('onehot_encoding',
                 TransformerWrapper(include=['age', 'edu_level', 'fav_animals',
                                             'fav_place'],
                                    transformer=OneHotEncoder(cols=['age',
                                                                    'edu_level',
                                                                    'fav_animals',
                                                                    'fav_place'],
                                                              handle_missing='return_nan',
                                                              use_cat_names=True))),
                ('trained_model', KMeans(random_state=123))]), ml_usecase=None)
2025-05-08 15:01:31,532:INFO:Set up data.
2025-05-08 15:01:40,951:INFO:Initializing predict_model()
2025-05-08 15:01:40,951:INFO:predict_model(self=<pycaret.clustering.oop.ClusteringExperiment object at 0x000002391B8E7250>, estimator=Pipeline(memory=Memory(location=None),
         steps=[('numerical_imputer',
                 TransformerWrapper(include=[], transformer=SimpleImputer())),
                ('categorical_imputer',
                 TransformerWrapper(include=['age', 'edu_level', 'fav_animals',
                                             'fav_place', 'gender'],
                                    transformer=SimpleImputer(strategy='most_frequent'))),
                ('ordinal_encoding',
                 TransformerWrapper(include=['gender'],
                                    transfo...
                                                               mapping=[{'col': 'gender',
                                                                         'data_type': dtype('O'),
                                                                         'mapping': Kobieta      0
Mê¿czyzna    1
NaN         -1
dtype: int64}]))),
                ('onehot_encoding',
                 TransformerWrapper(include=['age', 'edu_level', 'fav_animals',
                                             'fav_place'],
                                    transformer=OneHotEncoder(cols=['age',
                                                                    'edu_level',
                                                                    'fav_animals',
                                                                    'fav_place'],
                                                              handle_missing='return_nan',
                                                              use_cat_names=True))),
                ('trained_model', KMeans(random_state=123))]), ml_usecase=None)
2025-05-08 15:01:40,951:INFO:Set up data.
2025-05-08 15:01:48,955:INFO:Initializing predict_model()
2025-05-08 15:01:48,956:INFO:predict_model(self=<pycaret.clustering.oop.ClusteringExperiment object at 0x000002391B891850>, estimator=Pipeline(memory=Memory(location=None),
         steps=[('numerical_imputer',
                 TransformerWrapper(include=[], transformer=SimpleImputer())),
                ('categorical_imputer',
                 TransformerWrapper(include=['age', 'edu_level', 'fav_animals',
                                             'fav_place', 'gender'],
                                    transformer=SimpleImputer(strategy='most_frequent'))),
                ('ordinal_encoding',
                 TransformerWrapper(include=['gender'],
                                    transfo...
                                                               mapping=[{'col': 'gender',
                                                                         'data_type': dtype('O'),
                                                                         'mapping': Kobieta      0
Mê¿czyzna    1
NaN         -1
dtype: int64}]))),
                ('onehot_encoding',
                 TransformerWrapper(include=['age', 'edu_level', 'fav_animals',
                                             'fav_place'],
                                    transformer=OneHotEncoder(cols=['age',
                                                                    'edu_level',
                                                                    'fav_animals',
                                                                    'fav_place'],
                                                              handle_missing='return_nan',
                                                              use_cat_names=True))),
                ('trained_model', KMeans(random_state=123))]), ml_usecase=None)
2025-05-08 15:01:48,956:INFO:Set up data.
